           _                 _    
  __ _  __| |_ __ __ _ _ __ | |_  
 / _` |/ _` | '__/ _` | '_ \| __| 
| (_| | (_| | | | (_| | | | | |_  
 \__, |\__,_|_|  \__,_|_| |_|\__| 
    |_|                           

Version: 1.11.4, build: d8b6e4a0
Access web UI at http://localhost:6333/dashboard

2024-09-24T11:13:53.477039Z  INFO storage::content_manager::consensus::persistent: Loading raft state from ./storage/raft_state.json    
2024-09-24T11:13:53.479030Z DEBUG storage::content_manager::consensus::persistent: State: Persistent { state: RaftState { hard_state: HardState { term: 0, vote: 0, commit: 0 }, conf_state: ConfState { voters: [6217538422705847], learners: [], voters_outgoing: [], learners_next: [], auto_leave: false } }, latest_snapshot_meta: SnapshotMetadataSer { term: 0, index: 0 }, apply_progress_queue: EntryApplyProgressQueue(None), peer_address_by_id: RwLock { data: {} }, peer_metadata_by_id: RwLock { data: {} }, cluster_metadata: {}, this_peer_id: 6217538422705847, path: "./storage/raft_state.json", dirty: false }    
2024-09-24T11:13:53.539545Z  INFO storage::content_manager::toc: Loading collection: default    
2024-09-24T11:13:53.823134Z  INFO collection::shards::local_shard: Recovering collection default: 0/1 (0%)    
2024-09-24T11:13:53.933401Z  INFO collection::shards::local_shard: Recovered collection default: 1/1 (100%)    
2024-09-24T11:13:53.945517Z DEBUG qdrant: Loaded collection: default    
2024-09-24T11:13:53.946176Z  INFO qdrant: Distributed mode disabled    
2024-09-24T11:13:53.946543Z  INFO qdrant: Telemetry reporting disabled    
2024-09-24T11:13:53.947126Z DEBUG qdrant: Waiting for thread web to finish    
2024-09-24T11:13:53.950981Z  WARN qdrant::actix::web_ui: Static content folder for Web UI './static' does not exist    
2024-09-24T11:13:53.952039Z  INFO qdrant::actix: TLS disabled for REST API    
2024-09-24T11:13:53.952309Z  INFO qdrant::actix: Qdrant HTTP listening on 6333    
2024-09-24T11:13:53.952877Z  INFO actix_server::builder: Starting 11 workers
2024-09-24T11:13:53.953270Z  INFO actix_server::server: Actix runtime found; starting in Actix runtime
2024-09-24T11:13:53.958290Z  INFO qdrant::tonic: Qdrant gRPC listening on 6334    
2024-09-24T11:13:53.958315Z  INFO qdrant::tonic: TLS disabled for gRPC API    
2024-09-24T11:14:03.485429Z  INFO storage::content_manager::toc::collection_meta_ops: Deleting collection default    
2024-09-24T11:14:03.492340Z DEBUG collection::update_handler: Stopping flush worker.    
2024-09-24T11:14:03.512872Z  INFO actix_web::middleware::logger: 127.0.0.1 "DELETE /collections/default HTTP/1.1" 200 48 "-" "curl/7.81.0" 0.033752    
2024-09-24T11:14:22.151327Z DEBUG storage::content_manager::snapshots::recover: Downloading snapshot from file:///home/vansh/gaianet/qdrant/snapshots/default/default.snapshot to /home/vansh/gaianet/qdrant/./snapshots/tmp/download-xBbaw9    
2024-09-24T11:14:22.152747Z DEBUG storage::content_manager::snapshots::recover: Snapshot downloaded to /home/vansh/gaianet/qdrant/snapshots/default/default.snapshot    
2024-09-24T11:14:22.155340Z DEBUG storage::content_manager::snapshots::recover: Recovering collection default from snapshot /home/vansh/gaianet/qdrant/snapshots/default/default.snapshot    
2024-09-24T11:14:22.155354Z DEBUG storage::content_manager::snapshots::recover: Unpacking snapshot to /home/vansh/gaianet/qdrant/./storage/tmp/col-default-recovery-WcYuLp    
2024-09-24T11:14:34.513734Z DEBUG storage::content_manager::snapshots::recover: Collection default does not exist, creating it    
2024-09-24T11:14:34.517882Z  INFO storage::content_manager::toc::collection_meta_ops: Creating collection default    
2024-09-24T11:14:35.826976Z DEBUG collection::collection: Changing shard default:0 replica state from Some(Initializing) to Active    
2024-09-24T11:14:35.827592Z DEBUG collection::shards::replica_set: Changing local shard default:0 state from Some(Initializing) to Active    
2024-09-24T11:14:35.870237Z DEBUG storage::content_manager::snapshots::recover: Recovering shard 0 from /home/vansh/gaianet/qdrant/./storage/tmp/col-default-recovery-WcYuLp/0    
2024-09-24T11:14:35.876494Z DEBUG collection::update_handler: Stopping flush worker.    
2024-09-24T11:14:36.460807Z  INFO collection::shards::local_shard: Recovering collection default: 0/25 (0%)    
2024-09-24T11:14:36.759859Z  INFO collection::shards::local_shard: Recovered collection default: 25/25 (100%)    
2024-09-24T11:14:36.770230Z DEBUG storage::content_manager::snapshots::recover: Activating shard 0 of collection default locally    
2024-09-24T11:14:36.770347Z DEBUG collection::collection: Changing shard default:0 replica state from Some(Active) to Active    
2024-09-24T11:14:36.770361Z DEBUG collection::shards::replica_set: Changing local shard default:0 state from Some(Active) to Active    
2024-09-24T11:14:36.809827Z  INFO actix_web::middleware::logger: 127.0.0.1 "POST /collections/default/snapshots/upload?priority=snapshot HTTP/1.1" 200 49 "-" "curl/7.81.0" 15.765192    
2024-09-24T11:14:41.850256Z  INFO actix_server::server: SIGTERM received; starting graceful shutdown
2024-09-24T11:14:41.850291Z DEBUG qdrant::tonic: Stopping gRPC service on SIGTERM    
2024-09-24T11:14:41.850536Z  INFO actix_server::worker: Shutting down idle worker
2024-09-24T11:14:41.850536Z  INFO actix_server::worker: Shutting down idle worker
2024-09-24T11:14:41.850576Z  INFO actix_server::worker: Shutting down idle worker
2024-09-24T11:14:41.850623Z DEBUG actix_server::accept: Paused accepting connections on 127.0.0.1:6333
2024-09-24T11:14:41.850544Z  INFO actix_server::worker: Shutting down idle worker
2024-09-24T11:14:41.850676Z  INFO actix_server::accept: Accept thread stopped
2024-09-24T11:14:41.850586Z  INFO actix_server::worker: Shutting down idle worker
2024-09-24T11:14:41.850624Z  INFO actix_server::worker: Shutting down idle worker
2024-09-24T11:14:41.850605Z  INFO actix_server::worker: Shutting down idle worker
2024-09-24T11:14:41.850704Z  INFO actix_server::worker: Shutting down idle worker
2024-09-24T11:14:41.850680Z  INFO actix_server::worker: Shutting down idle worker
2024-09-24T11:14:41.850536Z  INFO actix_server::worker: Shutting down idle worker
2024-09-24T11:14:41.851744Z  INFO actix_server::worker: Shutting down idle worker
2024-09-24T11:14:42.165628Z DEBUG qdrant: Waiting for thread grpc to finish    
2024-09-24T11:14:42.171242Z DEBUG collection::update_handler: Stopping flush worker.    
